"24-08-2025 20:36:23","3","Information","Network connection detected:
RuleName: -
UtcTime: 2025-08-24 15:06:21.119
ProcessGuid: {99ef7bdc-532b-6887-2e00-000000001f00}
ProcessId: 2424
Image: C:\Windows\System32\svchost.exe
User: NT AUTHORITY\NETWORK SERVICE
Protocol: udp
Initiated: true
SourceIsIpv6: false
SourceIp: 192.168.43.252
SourceHostname: DESKTOP-U5F5T3L
SourcePort: 60613
SourcePortName: -
DestinationIsIpv6: false
DestinationIp: 192.168.43.1
DestinationHostname: -
DestinationPort: 53
DestinationPortName: domain"
"24-08-2025 20:36:22","3","Information","Network connection detected:
RuleName: -
UtcTime: 2025-08-24 15:06:19.773
ProcessGuid: {99ef7bdc-bd4a-68aa-844e-000000001f00}
ProcessId: 34656
Image: C:\Program Files\Google\Chrome\Application\chrome.exe
User: DESKTOP-U5F5T3L\DELL
Protocol: udp
Initiated: false
SourceIsIpv6: true
SourceIp: ff02:0:0:0:0:0:0:fb
SourceHostname: -
SourcePort: 5353
SourcePortName: -
DestinationIsIpv6: true
DestinationIp: fe80:0:0:0:e8b1:6981:4d49:cf21
DestinationHostname: -
DestinationPort: 5353
DestinationPortName: -"
"24-08-2025 20:36:22","3","Information","Network connection detected:
RuleName: -
UtcTime: 2025-08-24 15:06:19.438
ProcessGuid: {99ef7bdc-bd4a-68aa-844e-000000001f00}
ProcessId: 34656
Image: C:\Program Files\Google\Chrome\Application\chrome.exe
User: DESKTOP-U5F5T3L\DELL
Protocol: udp
Initiated: false
SourceIsIpv6: false
SourceIp: 224.0.0.251
SourceHostname: mdns.mcast.net
SourcePort: 5353
SourcePortName: -
DestinationIsIpv6: false
DestinationIp: 192.168.43.111
DestinationHostname: -
DestinationPort: 5353
DestinationPortName: -"
"24-08-2025 20:36:21","3","Information","Network connection detected:
RuleName: -
UtcTime: 2025-08-24 15:06:19.773
ProcessGuid: {99ef7bdc-532b-6887-2e00-000000001f00}
ProcessId: 2424
Image: C:\Windows\System32\svchost.exe
User: NT AUTHORITY\NETWORK SERVICE
Protocol: udp
Initiated: false
SourceIsIpv6: true
SourceIp: ff02:0:0:0:0:0:0:fb
SourceHostname: -
SourcePort: 5353
SourcePortName: -
DestinationIsIpv6: true
DestinationIp: fe80:0:0:0:e8b1:6981:4d49:cf21
DestinationHostname: -
DestinationPort: 5353
DestinationPortName: -"
"24-08-2025 20:36:21","3","Information","Network connection detected:
RuleName: -
UtcTime: 2025-08-24 15:06:19.438
ProcessGuid: {99ef7bdc-532b-6887-2e00-000000001f00}
ProcessId: 2424
Image: C:\Windows\system32\svchost.exe
User: NT AUTHORITY\NETWORK SERVICE
Protocol: udp
Initiated: false
SourceIsIpv6: false
SourceIp: 224.0.0.251
SourceHostname: -
SourcePort: 5353
SourcePortName: -
DestinationIsIpv6: false
DestinationIp: 192.168.43.111
DestinationHostname: -
DestinationPort: 5353
DestinationPortName: -"
"24-08-2025 20:36:15","5","Information","Process terminated:
RuleName: -
UtcTime: 2025-08-24 15:06:15.666
ProcessGuid: {99ef7bdc-2a65-68ab-115e-000000001f00}
ProcessId: 40748
Image: C:\Users\DELL\Desktop\insider-threat-detection\Sysmon\Sysmon64.exe
User: DESKTOP-U5F5T3L\DELL"
"24-08-2025 20:36:14","4","Information","Sysmon service state changed:
UtcTime: 2025-08-24 15:06:14.867
State: Started
Version: 15.15
SchemaVersion: 4.90"
"24-08-2025 20:36:14","16","Information","Sysmon config state changed:
UtcTime: 2025-08-24 15:06:14.439
Configuration: C:\Users\DELL\Desktop\insider-threat-detection\Sysmon\sysmonconfig.xml
ConfigurationFileHash: SHA256=C01775AFE9CE23FB4A64EE6D8DC91D2AB1FCCCE122F9F50A28DE4C3D64E99ADB"
